  funcoes.cpp
c:\users\adriell\documents\programaçãoavançada\exercicios\exercicios\funcoes.cpp(94): warning C4244: 'return': conversão de 'int' para 'float', possível perda de dados
c:\users\adriell\documents\programaçãoavançada\exercicios\exercicios\funcoes.cpp(101): warning C4244: 'return': conversão de 'int' para 'float', possível perda de dados
c:\users\adriell\documents\programaçãoavançada\exercicios\exercicios\funcoes.cpp(112): warning C4244: 'return': conversão de 'int' para 'float', possível perda de dados
c:\users\adriell\documents\programaçãoavançada\exercicios\exercicios\funcoes.cpp(118): warning C4244: 'return': conversão de 'int' para 'float', possível perda de dados
c:\users\adriell\documents\programaçãoavançada\exercicios\exercicios\funcoes.cpp(123): warning C4244: 'return': conversão de 'int' para 'float', possível perda de dados
c:\users\adriell\documents\programaçãoavançada\exercicios\exercicios\funcoes.cpp(127): warning C4244: 'return': conversão de 'int' para 'float', possível perda de dados
c:\users\adriell\documents\programaçãoavançada\exercicios\exercicios\funcoes.cpp(129): warning C4244: 'return': conversão de 'int' para 'float', possível perda de dados
  main.cpp
c:\users\adriell\documents\programaçãoavançada\exercicios\exercicios\main.cpp(21): warning C4244: 'argumento': conversão de 'float' para 'int', possível perda de dados
c:\users\adriell\documents\programaçãoavançada\exercicios\exercicios\main.cpp(21): warning C4244: 'inicializando': conversão de 'float' para 'int', possível perda de dados
c:\users\adriell\documents\programaçãoavançada\exercicios\exercicios\main.cpp(22): warning C4477: 'printf': a cadeia de formato '%f' requer um argumento do tipo 'double', mas um argumento variadic 3 tem o tipo 'int'
c:\users\adriell\documents\programaçãoavançada\exercicios\exercicios\main.cpp(23): warning C4477: 'printf': a cadeia de formato '%f' requer um argumento do tipo 'double', mas um argumento variadic 3 tem o tipo 'int'
c:\users\adriell\documents\programaçãoavançada\exercicios\exercicios\main.cpp(25): warning C4477: 'printf': a cadeia de formato '%f' requer um argumento do tipo 'double', mas um argumento variadic 3 tem o tipo 'int'
c:\users\adriell\documents\programaçãoavançada\exercicios\exercicios\main.cpp(28): warning C4244: 'argumento': conversão de 'float' para 'int', possível perda de dados
c:\users\adriell\documents\programaçãoavançada\exercicios\exercicios\main.cpp(30): warning C4477: 'printf': a cadeia de formato '%d' requer um argumento do tipo 'int', mas um argumento variadic 1 tem o tipo 'double'
c:\users\adriell\documents\programaçãoavançada\exercicios\exercicios\main.cpp(34): warning C4477: 'printf': a cadeia de formato '%d' requer um argumento do tipo 'int', mas um argumento variadic 1 tem o tipo 'double'
c:\users\adriell\documents\programaçãoavançada\exercicios\exercicios\main.cpp(50): warning C4244: 'argumento': conversão de 'int' para 'float', possível perda de dados
c:\users\adriell\documents\programaçãoavançada\exercicios\exercicios\main.cpp(51): warning C4244: 'argumento': conversão de 'int' para 'float', possível perda de dados
c:\users\adriell\documents\programaçãoavançada\exercicios\exercicios\main.cpp(63): warning C4244: 'argumento': conversão de 'float' para 'int', possível perda de dados
c:\users\adriell\documents\programaçãoavançada\exercicios\exercicios\main.cpp(65): warning C4477: 'printf': a cadeia de formato '%d' requer um argumento do tipo 'int', mas um argumento variadic 1 tem o tipo 'double'
c:\users\adriell\documents\programaçãoavançada\exercicios\exercicios\main.cpp(76): warning C4244: 'argumento': conversão de 'float' para 'int', possível perda de dados
c:\users\adriell\documents\programaçãoavançada\exercicios\exercicios\main.cpp(76): warning C4244: 'inicializando': conversão de 'float' para 'int', possível perda de dados
c:\users\adriell\documents\programaçãoavançada\exercicios\exercicios\main.cpp(122): warning C4101: 'complemento': variável local não referenciada
  Gerando Código...
c:\users\adriell\documents\programaçãoavançada\exercicios\exercicios\funcoes.cpp(60): warning C4715: 'primo': nem todos os caminhos de controle retornam um valor
c:\users\adriell\documents\programaçãoavançada\exercicios\exercicios\funcoes.cpp(40): warning C4715: 'fatorial': nem todos os caminhos de controle retornam um valor
main.obj : error LNK2019: sÝmbolo externo indefinido "float __cdecl soma(int,int)" (?soma@@YAMHH@Z) referenciado na funþÒo _main
main.obj : error LNK2019: sÝmbolo externo indefinido "float __cdecl subtracao(int,int)" (?subtracao@@YAMHH@Z) referenciado na funþÒo _main
main.obj : error LNK2019: sÝmbolo externo indefinido "float __cdecl divisao(int,int)" (?divisao@@YAMHH@Z) referenciado na funþÒo _main
main.obj : error LNK2019: sÝmbolo externo indefinido "float __cdecl multiplicacao(int,int)" (?multiplicacao@@YAMHH@Z) referenciado na funþÒo _main
main.obj : error LNK2019: sÝmbolo externo indefinido "float __cdecl raiz(int,int,int)" (?raiz@@YAMHHH@Z) referenciado na funþÒo _main
main.obj : error LNK2019: sÝmbolo externo indefinido "float __cdecl triangulo(int,int,int)" (?triangulo@@YAMHHH@Z) referenciado na funþÒo _main
C:\Users\Adriell\Documents\PROGRAMAÃ├OAVANÃADA\exercicios\Debug\exercicios.exe : fatal error LNK1120: 6 externo nÒo resolvidos
